{"level":"info","message":"⌛ Building environment","timeElapsed":134,"timestamp":"2024-10-22T20:14:17.151Z"}
{"level":"info","message":"⌛ Building environment","timeElapsed":114,"timestamp":"2024-10-22T20:14:17.281Z"}
{"level":"info","message":"⌛ Validating herenciaVsComposicion/testExample.wtest","timeElapsed":310,"timestamp":"2024-10-22T20:14:17.676Z"}
{"level":"info","message":"⌛ Building environment","timeElapsed":287,"timestamp":"2024-10-22T20:14:17.994Z"}
{"level":"info","message":"⌛ Validating herenciaVsComposicion/testExample.wtest","timeElapsed":196,"timestamp":"2024-10-22T20:14:18.192Z"}
{"level":"info","message":"⌛ Validating herenciaVsComposicion/testExample.wtest","timeElapsed":143,"timestamp":"2024-10-22T20:14:18.357Z"}
{"level":"info","message":"⌛ Validating herenciaVsComposicion/testExample.wtest","timeElapsed":219,"timestamp":"2024-10-22T20:14:18.597Z"}
{"level":"info","message":"⌛ Validating herenciaVsComposicion/testExample.wtest","timeElapsed":243,"timestamp":"2024-10-22T20:14:18.841Z"}
{"level":"info","message":"⌛ Building environment","timeElapsed":178,"timestamp":"2024-10-22T20:14:19.028Z"}
{"level":"info","message":"⌛ Building environment","timeElapsed":185,"timestamp":"2024-10-22T20:14:19.263Z"}
{"level":"info","message":"⌛ Building environment","timeElapsed":222,"timestamp":"2024-10-22T20:14:19.498Z"}
{"level":"info","message":"⌛ Building environment","timeElapsed":301,"timestamp":"2024-10-22T20:14:19.821Z"}
{"level":"info","message":"⌛ Building environment","timeElapsed":355,"timestamp":"2024-10-22T20:14:20.193Z"}
{"level":"info","message":"⌛ Validating herenciaVsComposicion/testExample.wtest","timeElapsed":383,"timestamp":"2024-10-22T20:14:20.578Z"}
{"level":"info","message":"⌛ Building environment","timeElapsed":211,"timestamp":"2024-10-22T20:14:20.796Z"}
{"level":"info","message":"⌛ Building environment","timeElapsed":116,"timestamp":"2024-10-22T20:14:20.916Z"}
{"level":"info","message":"⌛ Validating herenciaVsComposicion/testExample.wtest","timeElapsed":180,"timestamp":"2024-10-22T20:14:21.115Z"}
{"level":"info","message":"onRequest - completionItem/resolve","timestamp":"2024-10-22T20:14:21.116Z"}
{"level":"info","message":"⌛ Building environment","timeElapsed":240,"timestamp":"2024-10-22T20:14:21.362Z"}
{"level":"info","message":"onRequest - completionItem/resolve","timestamp":"2024-10-22T20:14:21.365Z"}
{"level":"info","message":"⌛ Validating herenciaVsComposicion/testExample.wtest","timeElapsed":519,"timestamp":"2024-10-22T20:14:21.896Z"}
{"level":"info","message":"⌛ Validating herenciaVsComposicion/testExample.wtest","timeElapsed":184,"timestamp":"2024-10-22T20:14:22.229Z"}
{"level":"info","message":"⌛ Validating herenciaVsComposicion/testExample.wtest","timeElapsed":215,"timestamp":"2024-10-22T20:14:22.446Z"}
{"level":"info","message":"⌛ Validating herenciaVsComposicion/testExample.wtest","timeElapsed":157,"timestamp":"2024-10-22T20:14:22.605Z"}
{"level":"info","message":"⌛ Validating herenciaVsComposicion/testExample.wtest","timeElapsed":184,"timestamp":"2024-10-22T20:14:22.790Z"}
{"level":"info","message":"⌛ Validating herenciaVsComposicion/testExample.wtest","timeElapsed":187,"timestamp":"2024-10-22T20:14:22.978Z"}
{"level":"info","message":"⌛ Building environment","timeElapsed":264,"timestamp":"2024-10-22T20:14:23.245Z"}
{"level":"info","message":"⌛ Building environment","timeElapsed":163,"timestamp":"2024-10-22T20:14:23.419Z"}
{"level":"info","message":"⌛ Validating herenciaVsComposicion/testExample.wtest","timeElapsed":159,"timestamp":"2024-10-22T20:14:23.589Z"}
{"level":"info","message":"⌛ Building environment","timeElapsed":234,"timestamp":"2024-10-22T20:14:23.825Z"}
{"level":"info","message":"⌛ Building environment","timeElapsed":324,"timestamp":"2024-10-22T20:14:24.189Z"}
{"level":"info","message":"⌛ Building environment","timeElapsed":143,"timestamp":"2024-10-22T20:14:24.336Z"}
{"level":"info","message":"⌛ Building environment","timeElapsed":123,"timestamp":"2024-10-22T20:14:24.471Z"}
{"level":"info","message":"⌛ Building environment","timeElapsed":159,"timestamp":"2024-10-22T20:14:24.642Z"}
{"level":"info","message":"⌛ Building environment","timeElapsed":139,"timestamp":"2024-10-22T20:14:24.807Z"}
{"level":"info","message":"⌛ Validating herenciaVsComposicion/testExample.wtest","timeElapsed":468,"timestamp":"2024-10-22T20:14:25.353Z"}
{"level":"info","message":"⌛ Building environment","timeElapsed":302,"timestamp":"2024-10-22T20:14:25.664Z"}
{"level":"info","message":"⌛ Validating herenciaVsComposicion/testExample.wtest","timeElapsed":237,"timestamp":"2024-10-22T20:14:25.907Z"}
{"level":"info","message":"⌛ Building environment","timeElapsed":176,"timestamp":"2024-10-22T20:14:26.092Z"}
{"level":"info","message":"⌛ Validating herenciaVsComposicion/testExample.wtest","timeElapsed":170,"timestamp":"2024-10-22T20:14:26.264Z"}
{"level":"info","message":"⌛ Building environment","timeElapsed":167,"timestamp":"2024-10-22T20:14:26.451Z"}
{"level":"info","message":"⌛ Building environment","timeElapsed":135,"timestamp":"2024-10-22T20:14:26.589Z"}
{"level":"info","message":"⌛ Validating herenciaVsComposicion/testExample.wtest","timeElapsed":169,"timestamp":"2024-10-22T20:14:26.762Z"}
{"level":"info","message":"⌛ Validating herenciaVsComposicion/testExample.wtest","timeElapsed":168,"timestamp":"2024-10-22T20:14:26.931Z"}
{"level":"info","message":"⌛ Validating herenciaVsComposicion/testExample.wtest","timeElapsed":200,"timestamp":"2024-10-22T20:14:27.140Z"}
{"level":"info","message":"⌛ Validating herenciaVsComposicion/testExample.wtest","timeElapsed":279,"timestamp":"2024-10-22T20:14:27.445Z"}
{"level":"info","message":"⌛ Validating herenciaVsComposicion/testExample.wtest","timeElapsed":190,"timestamp":"2024-10-22T20:14:27.636Z"}
{"level":"info","message":"onRequest - completionItem/resolve","timestamp":"2024-10-22T20:14:27.637Z"}
{"level":"info","message":"⌛ Validating herenciaVsComposicion/testExample.wtest","timeElapsed":199,"timestamp":"2024-10-22T20:14:27.838Z"}
{"level":"info","message":"⌛ Validating herenciaVsComposicion/testExample.wtest","timeElapsed":136,"timestamp":"2024-10-22T20:14:27.975Z"}
{"level":"info","message":"⌛ Validating herenciaVsComposicion/testExample.wtest","timeElapsed":162,"timestamp":"2024-10-22T20:14:28.138Z"}
{"level":"info","message":"⌛ Validating herenciaVsComposicion/testExample.wtest","timeElapsed":155,"timestamp":"2024-10-22T20:14:28.341Z"}
{"level":"info","message":"⌛ Building environment","timeElapsed":357,"timestamp":"2024-10-22T20:15:12.267Z"}
{"level":"info","message":"⌛ Validating herenciaVsComposicion/testExample.wtest","timeElapsed":284,"timestamp":"2024-10-22T20:15:12.554Z"}
{"level":"info","message":"⌛ Building environment","timeElapsed":250,"timestamp":"2024-10-22T20:16:21.216Z"}
{"level":"info","message":"⌛ Validating herenciaVsComposicion/testExample.wtest","timeElapsed":290,"timestamp":"2024-10-22T20:16:21.508Z"}
{"level":"info","message":"⌛ Building environment","timeElapsed":186,"timestamp":"2024-10-22T20:16:27.393Z"}
{"level":"info","message":"⌛ Validating herenciaVsComposicion/testExample.wtest","timeElapsed":275,"timestamp":"2024-10-22T20:16:27.691Z"}
{"level":"info","message":"⌛ Building environment","timeElapsed":285,"timestamp":"2024-10-22T20:16:28.036Z"}
{"level":"info","message":"⌛ Building environment","timeElapsed":144,"timestamp":"2024-10-22T20:16:28.185Z"}
{"level":"info","message":"⌛ Validating herenciaVsComposicion/testExample.wtest","timeElapsed":152,"timestamp":"2024-10-22T20:16:28.388Z"}
{"level":"info","message":"⌛ Validating herenciaVsComposicion/testExample.wtest","timeElapsed":239,"timestamp":"2024-10-22T20:16:28.651Z"}
{"level":"info","message":"⌛ Building environment","timeElapsed":266,"timestamp":"2024-10-22T20:16:33.364Z"}
{"level":"info","message":"⌛ Validating herenciaVsComposicion/testExample.wtest","timeElapsed":652,"timestamp":"2024-10-22T20:16:34.187Z"}
{"level":"info","message":"⌛ Building environment","timeElapsed":351,"timestamp":"2024-10-22T20:16:34.545Z"}
{"level":"info","message":"⌛ Validating herenciaVsComposicion/testExample.wtest","timeElapsed":381,"timestamp":"2024-10-22T20:16:35.020Z"}
{"failures":[{"error":["wollok.lang.EvaluationError wrapping TypeScript Error: Could not resolve reference to guerrero or its a reference to void","  at herenciaVsComposicion.testExample.\"Test prueba\".\"TEST DE PERSONAJES Y ROLES\" [herenciaVsComposicion/testExample.wtest:21]"],"test":"herenciaVsComposicion.testExample.\"Test prueba\".\"TEST DE PERSONAJES Y ROLES\""}],"level":"info","message":"🧪 Test runner executed on /home/utnso/Desktop/paradigmaObjetos2024/clases/clase22-HerenciaVsComposicion","result":{"failed":1,"ok":0},"timeElapsed":1704,"timestamp":"2024-10-22T20:16:41.630Z"}
{"level":"info","message":"⌛ Building environment","timeElapsed":244,"timestamp":"2024-10-22T20:18:11.036Z"}
{"level":"info","message":"⌛ Validating herenciaVsComposicion/testExample.wtest","timeElapsed":275,"timestamp":"2024-10-22T20:18:11.312Z"}
{"level":"info","message":"⌛ Building environment","timeElapsed":253,"timestamp":"2024-10-22T20:18:11.899Z"}
{"level":"info","message":"⌛ Validating herenciaVsComposicion/testExample.wtest","timeElapsed":157,"timestamp":"2024-10-22T20:18:12.067Z"}
{"level":"info","message":"⌛ Building environment","timeElapsed":460,"timestamp":"2024-10-22T20:18:15.553Z"}
{"level":"info","message":"⌛ Validating herenciaVsComposicion/testExample.wtest","timeElapsed":429,"timestamp":"2024-10-22T20:18:16.009Z"}
{"failures":[{"error":["wollok.lang.EvaluationError wrapping TypeScript Error: Could not resolve reference to brujo or its a reference to void","  at herenciaVsComposicion.testExample.\"Test prueba\".\"TEST DE PERSONAJES Y ROLES\" [herenciaVsComposicion/testExample.wtest:21]"],"test":"herenciaVsComposicion.testExample.\"Test prueba\".\"TEST DE PERSONAJES Y ROLES\""}],"level":"info","message":"🧪 Test runner executed on /home/utnso/Desktop/paradigmaObjetos2024/clases/clase22-HerenciaVsComposicion","result":{"failed":1,"ok":0},"timeElapsed":1604,"timestamp":"2024-10-22T20:18:22.609Z"}
{"level":"info","message":"⌛ Building environment","timeElapsed":247,"timestamp":"2024-10-22T20:18:27.413Z"}
{"level":"info","message":"⌛ Validating herenciaVsComposicion/testExample.wtest","timeElapsed":222,"timestamp":"2024-10-22T20:18:27.636Z"}
{"failures":[{"error":["wollok.lang.EvaluationError wrapping TypeScript Error: Could not resolve reference to instantiated module Mascota","  at herenciaVsComposicion.testExample.\"Test prueba\".\"TEST DE PERSONAJES Y ROLES\" [herenciaVsComposicion/testExample.wtest:21]"],"test":"herenciaVsComposicion.testExample.\"Test prueba\".\"TEST DE PERSONAJES Y ROLES\""}],"level":"info","message":"🧪 Test runner executed on /home/utnso/Desktop/paradigmaObjetos2024/clases/clase22-HerenciaVsComposicion","result":{"failed":1,"ok":0},"timeElapsed":1378,"timestamp":"2024-10-22T20:18:34.228Z"}
{"level":"info","message":"⌛ Building environment","timeElapsed":383,"timestamp":"2024-10-22T20:19:05.501Z"}
{"level":"info","message":"⌛ Validating herenciaVsComposicion/testExample.wtest","timeElapsed":190,"timestamp":"2024-10-22T20:19:05.893Z"}
{"level":"info","message":"⌛ Building environment","timeElapsed":297,"timestamp":"2024-10-22T20:19:06.302Z"}
{"level":"info","message":"⌛ Building environment","timeElapsed":143,"timestamp":"2024-10-22T20:19:06.488Z"}
{"level":"info","message":"⌛ Validating herenciaVsComposicion/testExample.wtest","timeElapsed":155,"timestamp":"2024-10-22T20:19:06.661Z"}
{"level":"info","message":"⌛ Validating herenciaVsComposicion/testExample.wtest","timeElapsed":315,"timestamp":"2024-10-22T20:19:07.001Z"}
{"level":"info","message":"⌛ Building environment","timeElapsed":188,"timestamp":"2024-10-22T20:19:07.192Z"}
{"level":"info","message":"⌛ Validating herenciaVsComposicion/testExample.wtest","timeElapsed":222,"timestamp":"2024-10-22T20:19:07.427Z"}
{"level":"info","message":"⌛ Building environment","timeElapsed":459,"timestamp":"2024-10-22T20:19:07.948Z"}
{"level":"info","message":"⌛ Validating herenciaVsComposicion/testExample.wtest","timeElapsed":540,"timestamp":"2024-10-22T20:19:08.497Z"}
{"level":"info","message":"⌛ Building environment","timeElapsed":220,"timestamp":"2024-10-22T20:19:08.731Z"}
{"level":"info","message":"⌛ Validating herenciaVsComposicion/testExample.wtest","timeElapsed":185,"timestamp":"2024-10-22T20:19:08.993Z"}
{"level":"info","message":"⌛ Building environment","timeElapsed":199,"timestamp":"2024-10-22T20:19:09.311Z"}
{"level":"info","message":"⌛ Validating herenciaVsComposicion/testExample.wtest","timeElapsed":142,"timestamp":"2024-10-22T20:19:09.455Z"}
{"level":"info","message":"⌛ Building environment","timeElapsed":268,"timestamp":"2024-10-22T20:19:46.207Z"}
{"level":"info","message":"⌛ Validating herenciaVsComposicion/testExample.wtest","timeElapsed":245,"timestamp":"2024-10-22T20:19:46.461Z"}
{"level":"info","message":"⌛ Building environment","timeElapsed":192,"timestamp":"2024-10-22T20:19:48.991Z"}
{"level":"info","message":"⌛ Validating herenciaVsComposicion/testExample.wtest","timeElapsed":225,"timestamp":"2024-10-22T20:19:49.217Z"}
{"level":"info","message":"⌛ Building environment","timeElapsed":190,"timestamp":"2024-10-22T20:19:52.757Z"}
{"level":"info","message":"⌛ Validating herenciaVsComposicion/testExample.wtest","timeElapsed":265,"timestamp":"2024-10-22T20:19:53.034Z"}
{"level":"info","message":"⌛ Building environment","timeElapsed":184,"timestamp":"2024-10-22T20:19:53.906Z"}
{"level":"info","message":"⌛ Validating herenciaVsComposicion/testExample.wtest","timeElapsed":190,"timestamp":"2024-10-22T20:19:54.098Z"}
{"failures":[{"error":["wollok.lang.EvaluationError wrapping TypeScript Error: Could not resolve reference to instantiated module Orco","  at herenciaVsComposicion.testExample.\"Test prueba\".\"TEST DE PERSONAJES Y ROLES\" [herenciaVsComposicion/testExample.wtest:22]"],"test":"herenciaVsComposicion.testExample.\"Test prueba\".\"TEST DE PERSONAJES Y ROLES\""}],"level":"info","message":"🧪 Test runner executed on /home/utnso/Desktop/paradigmaObjetos2024/clases/clase22-HerenciaVsComposicion","result":{"failed":1,"ok":0},"timeElapsed":1490,"timestamp":"2024-10-22T20:20:03.483Z"}
{"failures":[{"error":["wollok.lang.EvaluationError wrapping TypeScript Error: Could not resolve reference to instantiated module Orco","  at herenciaVsComposicion.testExample.\"Test prueba\".\"TEST DE PERSONAJES Y ROLES\" [herenciaVsComposicion/testExample.wtest:22]"],"test":"herenciaVsComposicion.testExample.\"Test prueba\".\"TEST DE PERSONAJES Y ROLES\""}],"level":"info","message":"🧪 Test runner executed on /home/utnso/Desktop/paradigmaObjetos2024/clases/clase22-HerenciaVsComposicion","result":{"failed":1,"ok":0},"timeElapsed":1045,"timestamp":"2024-10-22T21:18:35.856Z"}
{"level":"info","message":"⌛ Building environment","timeElapsed":399,"timestamp":"2024-10-22T21:18:49.786Z"}
{"level":"info","message":"⌛ Validating herenciaVsComposicion/testExample.wtest","timeElapsed":716,"timestamp":"2024-10-22T21:18:50.505Z"}
{"failures":[{"error":["wollok.lang.EvaluationError wrapping TypeScript Error: Could not resolve reference to instantiated module Orco","  at herenciaVsComposicion.testExample.\"Test prueba\".\"TEST DE PERSONAJES Y ROLES\" [herenciaVsComposicion/testExample.wtest:22]"],"test":"herenciaVsComposicion.testExample.\"Test prueba\".\"TEST DE PERSONAJES Y ROLES\""}],"level":"info","message":"🧪 Test runner executed on /home/utnso/Desktop/paradigmaObjetos2024/clases/clase22-HerenciaVsComposicion","result":{"failed":1,"ok":0},"timeElapsed":1541,"timestamp":"2024-10-22T21:18:55.547Z"}
{"level":"info","message":"⌛ Building environment","timeElapsed":241,"timestamp":"2024-10-22T21:18:59.070Z"}
{"level":"info","message":"⌛ Validating herenciaVsComposicion/testExample.wtest","timeElapsed":236,"timestamp":"2024-10-22T21:18:59.308Z"}
{"level":"info","message":"⌛ Building environment","timeElapsed":216,"timestamp":"2024-10-22T21:19:03.835Z"}
{"level":"info","message":"⌛ Validating herenciaVsComposicion/testExample.wtest","timeElapsed":332,"timestamp":"2024-10-22T21:19:04.208Z"}
{"level":"info","message":"⌛ Building environment","timeElapsed":164,"timestamp":"2024-10-22T21:19:04.384Z"}
{"level":"info","message":"⌛ Validating herenciaVsComposicion/testExample.wtest","timeElapsed":142,"timestamp":"2024-10-22T21:19:04.539Z"}
{"level":"info","message":"⌛ Building environment","timeElapsed":401,"timestamp":"2024-10-22T21:21:04.541Z"}
{"level":"info","message":"⌛ Building environment","timeElapsed":210,"timestamp":"2024-10-22T21:21:04.757Z"}
{"level":"info","message":"⌛ Building environment","timeElapsed":434,"timestamp":"2024-10-22T21:21:05.236Z"}
{"level":"info","message":"⌛ Validating herenciaVsComposicion/testExample.wtest","timeElapsed":489,"timestamp":"2024-10-22T21:21:05.727Z"}
{"level":"info","message":"⌛ Validating herenciaVsComposicion/testExample.wtest","timeElapsed":306,"timestamp":"2024-10-22T21:21:06.100Z"}
{"level":"info","message":"⌛ Building environment","timeElapsed":196,"timestamp":"2024-10-22T21:21:06.388Z"}
{"level":"info","message":"⌛ Building environment","timeElapsed":129,"timestamp":"2024-10-22T21:21:06.531Z"}
{"level":"info","message":"⌛ Validating herenciaVsComposicion/testExample.wtest","timeElapsed":173,"timestamp":"2024-10-22T21:21:06.707Z"}
{"level":"info","message":"⌛ Building environment","timeElapsed":308,"timestamp":"2024-10-22T21:21:07.145Z"}
{"level":"info","message":"⌛ Building environment","timeElapsed":262,"timestamp":"2024-10-22T21:21:07.417Z"}
{"level":"info","message":"⌛ Building environment","timeElapsed":202,"timestamp":"2024-10-22T21:21:07.705Z"}
{"level":"info","message":"⌛ Validating herenciaVsComposicion/testExample.wtest","timeElapsed":368,"timestamp":"2024-10-22T21:21:08.201Z"}
{"level":"info","message":"⌛ Validating herenciaVsComposicion/testExample.wtest","timeElapsed":206,"timestamp":"2024-10-22T21:21:08.409Z"}
{"level":"info","message":"⌛ Validating herenciaVsComposicion/testExample.wtest","timeElapsed":176,"timestamp":"2024-10-22T21:21:08.637Z"}
{"level":"info","message":"⌛ Validating herenciaVsComposicion/testExample.wtest","timeElapsed":247,"timestamp":"2024-10-22T21:21:08.886Z"}
{"level":"info","message":"onRequest - completionItem/resolve","timestamp":"2024-10-22T21:21:08.889Z"}
{"level":"info","message":"⌛ Validating herenciaVsComposicion/testExample.wtest","timeElapsed":236,"timestamp":"2024-10-22T21:21:09.126Z"}
{"level":"info","message":"⌛ Building environment","timeElapsed":206,"timestamp":"2024-10-22T21:21:12.426Z"}
{"level":"info","message":"⌛ Validating herenciaVsComposicion/testExample.wtest","timeElapsed":275,"timestamp":"2024-10-22T21:21:12.713Z"}
{"level":"info","message":"⌛ Building environment","timeElapsed":286,"timestamp":"2024-10-22T21:21:13.004Z"}
{"level":"error","message":"✘ Completions for node failed: Error: a [Variable]{205469} at herenciaVsComposicion/testExample.wtest:24 exhausted all cases without a match a [Variable]{205469} at herenciaVsComposicion/testExample.wtest:24 exhausted all cases without a match","stack":"Error: a [Variable]{205469} at herenciaVsComposicion/testExample.wtest:24 exhausted all cases without a match\n    at /home/utnso/.vscode/extensions/uqbar.wollok-lsp-ide-0.3.6/out/server/src/server.js:38:6067\n    at yh (/home/utnso/.vscode/extensions/uqbar.wollok-lsp-ide-0.3.6/out/server/src/server.js:2291:42)\n    at /home/utnso/.vscode/extensions/uqbar.wollok-lsp-ide-0.3.6/out/server/src/server.js:2291:2700\n    at /home/utnso/.vscode/extensions/uqbar.wollok-lsp-ide-0.3.6/out/server/src/server.js:2298:3774\n    at /home/utnso/.vscode/extensions/uqbar.wollok-lsp-ide-0.3.6/out/server/src/server.js:37:74872\n    at Fe (/home/utnso/.vscode/extensions/uqbar.wollok-lsp-ide-0.3.6/out/server/src/server.js:7:8527)\n    at Pt (/home/utnso/.vscode/extensions/uqbar.wollok-lsp-ide-0.3.6/out/server/src/server.js:7:6189)\n    at Gi (/home/utnso/.vscode/extensions/uqbar.wollok-lsp-ide-0.3.6/out/server/src/server.js:7:6378)\n    at Immediate._onImmediate (/home/utnso/.vscode/extensions/uqbar.wollok-lsp-ide-0.3.6/out/server/src/server.js:7:6142)\n    at process.processImmediate (node:internal/timers:483:21)","timestamp":"2024-10-22T21:21:13.032Z"}
{"level":"info","message":"⌛ Building environment","timeElapsed":359,"timestamp":"2024-10-22T21:21:13.403Z"}
{"level":"info","message":"⌛ Building environment","timeElapsed":236,"timestamp":"2024-10-22T21:21:13.641Z"}
{"level":"info","message":"⌛ Building environment","timeElapsed":289,"timestamp":"2024-10-22T21:21:14.001Z"}
{"level":"info","message":"⌛ Validating herenciaVsComposicion/testExample.wtest","timeElapsed":201,"timestamp":"2024-10-22T21:21:14.203Z"}
{"level":"info","message":"onRequest - completionItem/resolve","timestamp":"2024-10-22T21:21:14.203Z"}
{"level":"info","message":"⌛ Validating herenciaVsComposicion/testExample.wtest","timeElapsed":332,"timestamp":"2024-10-22T21:21:14.540Z"}
{"level":"info","message":"⌛ Validating herenciaVsComposicion/testExample.wtest","timeElapsed":373,"timestamp":"2024-10-22T21:21:14.915Z"}
{"level":"info","message":"⌛ Validating herenciaVsComposicion/testExample.wtest","timeElapsed":183,"timestamp":"2024-10-22T21:21:15.100Z"}
{"level":"info","message":"⌛ Building environment","timeElapsed":178,"timestamp":"2024-10-22T21:21:15.281Z"}
{"level":"info","message":"onRequest - completionItem/resolve","timestamp":"2024-10-22T21:21:15.282Z"}
{"level":"info","message":"⌛ Building environment","timeElapsed":137,"timestamp":"2024-10-22T21:21:15.423Z"}
{"level":"info","message":"⌛ Building environment","timeElapsed":323,"timestamp":"2024-10-22T21:21:15.766Z"}
{"level":"info","message":"onRequest - completionItem/resolve","timestamp":"2024-10-22T21:21:15.768Z"}
{"level":"info","message":"⌛ Building environment","timeElapsed":181,"timestamp":"2024-10-22T21:21:15.953Z"}
{"level":"info","message":"⌛ Validating herenciaVsComposicion/testExample.wtest","timeElapsed":232,"timestamp":"2024-10-22T21:21:16.202Z"}
{"level":"info","message":"⌛ Building environment","timeElapsed":239,"timestamp":"2024-10-22T21:21:16.445Z"}
{"level":"info","message":"⌛ Validating herenciaVsComposicion/testExample.wtest","timeElapsed":147,"timestamp":"2024-10-22T21:21:16.595Z"}
{"level":"info","message":"⌛ Validating herenciaVsComposicion/testExample.wtest","timeElapsed":169,"timestamp":"2024-10-22T21:21:16.766Z"}
{"level":"info","message":"⌛ Building environment","timeElapsed":203,"timestamp":"2024-10-22T21:21:17.085Z"}
{"level":"info","message":"⌛ Validating herenciaVsComposicion/testExample.wtest","timeElapsed":150,"timestamp":"2024-10-22T21:21:17.239Z"}
{"level":"info","message":"⌛ Building environment","timeElapsed":282,"timestamp":"2024-10-22T21:21:17.522Z"}
{"level":"error","message":"✘ Completions for node failed: Error: a [Variable]{cf5df2} at herenciaVsComposicion/testExample.wtest:24 exhausted all cases without a match a [Variable]{cf5df2} at herenciaVsComposicion/testExample.wtest:24 exhausted all cases without a match","stack":"Error: a [Variable]{cf5df2} at herenciaVsComposicion/testExample.wtest:24 exhausted all cases without a match\n    at /home/utnso/.vscode/extensions/uqbar.wollok-lsp-ide-0.3.6/out/server/src/server.js:38:6067\n    at yh (/home/utnso/.vscode/extensions/uqbar.wollok-lsp-ide-0.3.6/out/server/src/server.js:2291:42)\n    at /home/utnso/.vscode/extensions/uqbar.wollok-lsp-ide-0.3.6/out/server/src/server.js:2291:2700\n    at /home/utnso/.vscode/extensions/uqbar.wollok-lsp-ide-0.3.6/out/server/src/server.js:2298:3774\n    at /home/utnso/.vscode/extensions/uqbar.wollok-lsp-ide-0.3.6/out/server/src/server.js:37:74872\n    at Fe (/home/utnso/.vscode/extensions/uqbar.wollok-lsp-ide-0.3.6/out/server/src/server.js:7:8527)\n    at Pt (/home/utnso/.vscode/extensions/uqbar.wollok-lsp-ide-0.3.6/out/server/src/server.js:7:6189)\n    at Gi (/home/utnso/.vscode/extensions/uqbar.wollok-lsp-ide-0.3.6/out/server/src/server.js:7:6378)\n    at Immediate._onImmediate (/home/utnso/.vscode/extensions/uqbar.wollok-lsp-ide-0.3.6/out/server/src/server.js:7:6142)\n    at process.processImmediate (node:internal/timers:483:21)","timestamp":"2024-10-22T21:21:17.585Z"}
{"level":"info","message":"⌛ Building environment","timeElapsed":219,"timestamp":"2024-10-22T21:21:17.810Z"}
{"level":"info","message":"⌛ Validating herenciaVsComposicion/testExample.wtest","timeElapsed":218,"timestamp":"2024-10-22T21:21:18.041Z"}
{"level":"info","message":"⌛ Validating herenciaVsComposicion/testExample.wtest","timeElapsed":238,"timestamp":"2024-10-22T21:21:18.378Z"}
{"level":"info","message":"⌛ Building environment","timeElapsed":180,"timestamp":"2024-10-22T21:21:18.580Z"}
{"level":"info","message":"⌛ Validating herenciaVsComposicion/testExample.wtest","timeElapsed":110,"timestamp":"2024-10-22T21:21:18.691Z"}
{"level":"info","message":"onRequest - completionItem/resolve","timestamp":"2024-10-22T21:21:18.701Z"}
{"level":"info","message":"⌛ Building environment","timeElapsed":157,"timestamp":"2024-10-22T21:21:18.867Z"}
{"level":"info","message":"onRequest - completionItem/resolve","timestamp":"2024-10-22T21:21:18.875Z"}
{"level":"info","message":"⌛ Validating herenciaVsComposicion/testExample.wtest","timeElapsed":118,"timestamp":"2024-10-22T21:21:18.993Z"}
{"level":"info","message":"⌛ Building environment","timeElapsed":140,"timestamp":"2024-10-22T21:21:19.136Z"}
{"level":"info","message":"onRequest - completionItem/resolve","timestamp":"2024-10-22T21:21:19.137Z"}
{"level":"info","message":"⌛ Building environment","timeElapsed":156,"timestamp":"2024-10-22T21:21:19.294Z"}
{"level":"info","message":"⌛ Building environment","timeElapsed":637,"timestamp":"2024-10-22T21:21:19.986Z"}
{"level":"info","message":"⌛ Validating herenciaVsComposicion/testExample.wtest","timeElapsed":340,"timestamp":"2024-10-22T21:21:20.353Z"}
{"level":"info","message":"⌛ Validating herenciaVsComposicion/testExample.wtest","timeElapsed":204,"timestamp":"2024-10-22T21:21:20.558Z"}
{"level":"info","message":"⌛ Validating herenciaVsComposicion/testExample.wtest","timeElapsed":271,"timestamp":"2024-10-22T21:21:20.832Z"}
{"level":"info","message":"⌛ Building environment","timeElapsed":226,"timestamp":"2024-10-22T21:21:21.061Z"}
{"level":"info","message":"⌛ Validating herenciaVsComposicion/testExample.wtest","timeElapsed":136,"timestamp":"2024-10-22T21:21:21.200Z"}
{"level":"info","message":"⌛ Building environment","timeElapsed":210,"timestamp":"2024-10-22T21:21:21.418Z"}
{"level":"error","message":"✘ Completions for node failed: Error: orco [Variable]{979658} at herenciaVsComposicion/testExample.wtest:24 exhausted all cases without a match orco [Variable]{979658} at herenciaVsComposicion/testExample.wtest:24 exhausted all cases without a match","stack":"Error: orco [Variable]{979658} at herenciaVsComposicion/testExample.wtest:24 exhausted all cases without a match\n    at /home/utnso/.vscode/extensions/uqbar.wollok-lsp-ide-0.3.6/out/server/src/server.js:38:6067\n    at yh (/home/utnso/.vscode/extensions/uqbar.wollok-lsp-ide-0.3.6/out/server/src/server.js:2291:42)\n    at /home/utnso/.vscode/extensions/uqbar.wollok-lsp-ide-0.3.6/out/server/src/server.js:2291:2700\n    at /home/utnso/.vscode/extensions/uqbar.wollok-lsp-ide-0.3.6/out/server/src/server.js:2298:3774\n    at /home/utnso/.vscode/extensions/uqbar.wollok-lsp-ide-0.3.6/out/server/src/server.js:37:74872\n    at Fe (/home/utnso/.vscode/extensions/uqbar.wollok-lsp-ide-0.3.6/out/server/src/server.js:7:8527)\n    at Pt (/home/utnso/.vscode/extensions/uqbar.wollok-lsp-ide-0.3.6/out/server/src/server.js:7:6189)\n    at Gi (/home/utnso/.vscode/extensions/uqbar.wollok-lsp-ide-0.3.6/out/server/src/server.js:7:6378)\n    at Immediate._onImmediate (/home/utnso/.vscode/extensions/uqbar.wollok-lsp-ide-0.3.6/out/server/src/server.js:7:6142)\n    at process.processImmediate (node:internal/timers:483:21)","timestamp":"2024-10-22T21:21:21.621Z"}
{"level":"info","message":"⌛ Autocomplete - Variable","timeElapsed":164,"timestamp":"2024-10-22T21:21:21.625Z"}
{"level":"info","message":"⌛ Validating herenciaVsComposicion/testExample.wtest","timeElapsed":209,"timestamp":"2024-10-22T21:21:21.843Z"}
{"level":"info","message":"⌛ Validating herenciaVsComposicion/testExample.wtest","timeElapsed":208,"timestamp":"2024-10-22T21:21:22.057Z"}
{"level":"info","message":"⌛ Building environment","timeElapsed":179,"timestamp":"2024-10-22T21:21:22.241Z"}
{"level":"info","message":"⌛ Validating herenciaVsComposicion/testExample.wtest","timeElapsed":121,"timestamp":"2024-10-22T21:21:22.368Z"}
{"level":"info","message":"onRequest - completionItem/resolve","timestamp":"2024-10-22T21:21:22.374Z"}
{"level":"info","message":"⌛ Building environment","timeElapsed":209,"timestamp":"2024-10-22T21:21:22.586Z"}
{"level":"info","message":"onRequest - completionItem/resolve","timestamp":"2024-10-22T21:21:22.587Z"}
{"level":"info","message":"⌛ Validating herenciaVsComposicion/testExample.wtest","timeElapsed":131,"timestamp":"2024-10-22T21:21:22.733Z"}
{"level":"info","message":"⌛ Validating herenciaVsComposicion/testExample.wtest","timeElapsed":234,"timestamp":"2024-10-22T21:21:22.978Z"}
{"level":"info","message":"onRequest - completionItem/resolve","timestamp":"2024-10-22T21:21:23.127Z"}
{"level":"info","message":"⌛ Building environment","timeElapsed":271,"timestamp":"2024-10-22T21:21:23.400Z"}
{"level":"info","message":"⌛ Validating herenciaVsComposicion/testExample.wtest","timeElapsed":235,"timestamp":"2024-10-22T21:21:23.706Z"}
{"level":"info","message":"⌛ Building environment","timeElapsed":498,"timestamp":"2024-10-22T21:21:26.825Z"}
{"level":"info","message":"⌛ Validating herenciaVsComposicion/testExample.wtest","timeElapsed":257,"timestamp":"2024-10-22T21:21:27.271Z"}
{"level":"info","message":"⌛ Building environment","timeElapsed":276,"timestamp":"2024-10-22T21:21:27.622Z"}
{"level":"info","message":"⌛ Building environment","timeElapsed":280,"timestamp":"2024-10-22T21:21:27.929Z"}
{"level":"info","message":"⌛ Validating herenciaVsComposicion/testExample.wtest","timeElapsed":174,"timestamp":"2024-10-22T21:21:28.137Z"}
{"level":"info","message":"⌛ Building environment","timeElapsed":246,"timestamp":"2024-10-22T21:21:28.387Z"}
{"level":"info","message":"⌛ Validating herenciaVsComposicion/testExample.wtest","timeElapsed":128,"timestamp":"2024-10-22T21:21:28.527Z"}
{"level":"info","message":"⌛ Building environment","timeElapsed":194,"timestamp":"2024-10-22T21:21:28.725Z"}
{"level":"info","message":"⌛ Validating herenciaVsComposicion/testExample.wtest","timeElapsed":206,"timestamp":"2024-10-22T21:21:28.998Z"}
{"level":"info","message":"⌛ Building environment","timeElapsed":190,"timestamp":"2024-10-22T21:21:29.207Z"}
{"level":"info","message":"⌛ Validating herenciaVsComposicion/testExample.wtest","timeElapsed":114,"timestamp":"2024-10-22T21:21:29.324Z"}
{"level":"info","message":"⌛ Building environment","timeElapsed":206,"timestamp":"2024-10-22T21:21:29.533Z"}
{"level":"info","message":"⌛ Validating herenciaVsComposicion/testExample.wtest","timeElapsed":191,"timestamp":"2024-10-22T21:21:29.725Z"}
{"level":"info","message":"⌛ Building environment","timeElapsed":169,"timestamp":"2024-10-22T21:21:29.910Z"}
{"level":"info","message":"⌛ Validating herenciaVsComposicion/testExample.wtest","timeElapsed":212,"timestamp":"2024-10-22T21:21:30.168Z"}
{"level":"info","message":"⌛ Building environment","timeElapsed":151,"timestamp":"2024-10-22T21:21:30.341Z"}
{"level":"info","message":"⌛ Validating herenciaVsComposicion/testExample.wtest","timeElapsed":197,"timestamp":"2024-10-22T21:21:30.559Z"}
{"level":"info","message":"⌛ Building environment","timeElapsed":259,"timestamp":"2024-10-22T21:21:30.829Z"}
{"level":"info","message":"⌛ Validating herenciaVsComposicion/testExample.wtest","timeElapsed":161,"timestamp":"2024-10-22T21:21:31.005Z"}
{"level":"info","message":"⌛ Building environment","timeElapsed":181,"timestamp":"2024-10-22T21:21:31.194Z"}
{"level":"info","message":"⌛ Building environment","timeElapsed":225,"timestamp":"2024-10-22T21:21:31.500Z"}
{"level":"info","message":"⌛ Validating herenciaVsComposicion/testExample.wtest","timeElapsed":141,"timestamp":"2024-10-22T21:21:31.658Z"}
{"level":"info","message":"⌛ Validating herenciaVsComposicion/testExample.wtest","timeElapsed":281,"timestamp":"2024-10-22T21:21:31.949Z"}
{"level":"info","message":"⌛ Validating herenciaVsComposicion/testExample.wtest","timeElapsed":320,"timestamp":"2024-10-22T21:21:32.269Z"}
{"level":"info","message":"⌛ Building environment","timeElapsed":357,"timestamp":"2024-10-22T21:23:30.290Z"}
{"level":"info","message":"⌛ Validating herenciaVsComposicion/testExample.wtest","timeElapsed":273,"timestamp":"2024-10-22T21:23:30.594Z"}
{"level":"info","message":"⌛ Building environment","timeElapsed":225,"timestamp":"2024-10-22T21:29:39.094Z"}
{"level":"info","message":"⌛ Validating herenciaVsComposicion/testExample.wtest","timeElapsed":287,"timestamp":"2024-10-22T21:29:39.384Z"}
{"level":"info","message":"⌛ Building environment","timeElapsed":235,"timestamp":"2024-10-22T21:29:39.737Z"}
{"level":"info","message":"⌛ Validating herenciaVsComposicion/testExample.wtest","timeElapsed":257,"timestamp":"2024-10-22T21:29:40.006Z"}
{"level":"info","message":"⌛ Building environment","timeElapsed":246,"timestamp":"2024-10-22T21:29:47.124Z"}
{"level":"info","message":"⌛ Validating herenciaVsComposicion/testExample.wtest","timeElapsed":328,"timestamp":"2024-10-22T21:29:47.506Z"}
{"level":"info","message":"⌛ Building environment","timeElapsed":252,"timestamp":"2024-10-22T21:29:48.643Z"}
{"level":"info","message":"⌛ Validating herenciaVsComposicion/testExample.wtest","timeElapsed":270,"timestamp":"2024-10-22T21:29:48.920Z"}
{"level":"info","message":"⌛ Building environment","timeElapsed":275,"timestamp":"2024-10-22T21:29:55.266Z"}
{"level":"info","message":"⌛ Validating herenciaVsComposicion/testExample.wtest","timeElapsed":269,"timestamp":"2024-10-22T21:29:55.544Z"}
{"level":"info","message":"⌛ Building environment","timeElapsed":265,"timestamp":"2024-10-22T21:29:57.100Z"}
{"level":"info","message":"⌛ Building environment","timeElapsed":381,"timestamp":"2024-10-22T21:29:57.522Z"}
{"level":"info","message":"⌛ Validating herenciaVsComposicion/testExample.wtest","timeElapsed":148,"timestamp":"2024-10-22T21:29:57.673Z"}
{"level":"info","message":"⌛ Validating herenciaVsComposicion/testExample.wtest","timeElapsed":151,"timestamp":"2024-10-22T21:29:57.858Z"}
{"level":"info","message":"⌛ Building environment","timeElapsed":924,"timestamp":"2024-10-22T21:31:57.204Z"}
{"level":"info","message":"⌛ Building environment","timeElapsed":202,"timestamp":"2024-10-22T21:31:57.435Z"}
{"level":"info","message":"⌛ Autocomplete - Package","timeElapsed":165,"timestamp":"2024-10-22T21:31:57.624Z"}
{"level":"info","message":"⌛ Building environment","timeElapsed":294,"timestamp":"2024-10-22T21:31:57.955Z"}
{"level":"info","message":"⌛ Building environment","timeElapsed":217,"timestamp":"2024-10-22T21:31:58.185Z"}
{"level":"info","message":"⌛ Building environment","timeElapsed":150,"timestamp":"2024-10-22T21:31:58.338Z"}
{"level":"error","message":"✘ Failed to rebuild document Failed to parse herenciaVsComposicion/testExample.wtest: \n-- PARSING FAILED --------------------------------------------------\n\n  40 | \n  41 |   }\n> 42 | }\n     | ^\n  43 | \n\nExpected one of the following: \n\n'@', 'class', 'const', 'describe', 'mixin', 'object', 'only', 'package', 'program', 'test', 'var', '{', EOF, comment, not \"}\n\", whitespace\n","stack":"Error: Failed to parse herenciaVsComposicion/testExample.wtest: \n-- PARSING FAILED --------------------------------------------------\n\n  40 | \n  41 |   }\n> 42 | }\n     | ^\n  43 | \n\nExpected one of the following: \n\n'@', 'class', 'const', 'describe', 'mixin', 'object', 'only', 'package', 'program', 'test', 'var', '{', EOF, comment, not \"}\n\", whitespace\n\n    at /home/utnso/.vscode/extensions/uqbar.wollok-lsp-ide-0.3.6/out/server/src/server.js:2254:32415\n    at Array.map (<anonymous>)\n    at Jfn (/home/utnso/.vscode/extensions/uqbar.wollok-lsp-ide-0.3.6/out/server/src/server.js:2254:32339)\n    at k2.buildEnvironmentFrom (/home/utnso/.vscode/extensions/uqbar.wollok-lsp-ide-0.3.6/out/server/src/server.js:2285:6721)\n    at k2.updateEnvironmentWith (/home/utnso/.vscode/extensions/uqbar.wollok-lsp-ide-0.3.6/out/server/src/server.js:2285:6456)\n    at jL (/home/utnso/.vscode/extensions/uqbar.wollok-lsp-ide-0.3.6/out/server/src/server.js:2298:2292)\n    at v3.invoke (/home/utnso/.vscode/extensions/uqbar.wollok-lsp-ide-0.3.6/out/server/src/server.js:3:157200)\n    at o.fire (/home/utnso/.vscode/extensions/uqbar.wollok-lsp-ide-0.3.6/out/server/src/server.js:3:157970)\n    at /home/utnso/.vscode/extensions/uqbar.wollok-lsp-ide-0.3.6/out/server/src/server.js:37:57871\n    at Vr (/home/utnso/.vscode/extensions/uqbar.wollok-lsp-ide-0.3.6/out/server/src/server.js:8:1561)","timestamp":"2024-10-22T21:31:58.494Z"}
{"level":"info","message":"⌛ Validating herenciaVsComposicion/testExample.wtest","timeElapsed":234,"timestamp":"2024-10-22T21:31:58.736Z"}
{"level":"info","message":"⌛ Validating herenciaVsComposicion/testExample.wtest","timeElapsed":358,"timestamp":"2024-10-22T21:31:59.103Z"}
{"level":"info","message":"onRequest - completionItem/resolve","timestamp":"2024-10-22T21:31:59.104Z"}
{"level":"error","message":"✘ Failed to rebuild document Failed to parse herenciaVsComposicion/testExample.wtest: \n-- PARSING FAILED --------------------------------------------------\n\n  40 | \n  41 |   }\n> 42 | }\n     | ^\n  43 | \n\nExpected one of the following: \n\n'@', 'class', 'const', 'describe', 'mixin', 'object', 'only', 'package', 'program', 'test', 'var', '{', EOF, comment, not \"}\n\", whitespace\n","stack":"Error: Failed to parse herenciaVsComposicion/testExample.wtest: \n-- PARSING FAILED --------------------------------------------------\n\n  40 | \n  41 |   }\n> 42 | }\n     | ^\n  43 | \n\nExpected one of the following: \n\n'@', 'class', 'const', 'describe', 'mixin', 'object', 'only', 'package', 'program', 'test', 'var', '{', EOF, comment, not \"}\n\", whitespace\n\n    at /home/utnso/.vscode/extensions/uqbar.wollok-lsp-ide-0.3.6/out/server/src/server.js:2254:32415\n    at Array.map (<anonymous>)\n    at Jfn (/home/utnso/.vscode/extensions/uqbar.wollok-lsp-ide-0.3.6/out/server/src/server.js:2254:32339)\n    at k2.buildEnvironmentFrom (/home/utnso/.vscode/extensions/uqbar.wollok-lsp-ide-0.3.6/out/server/src/server.js:2285:6721)\n    at k2.updateEnvironmentWith (/home/utnso/.vscode/extensions/uqbar.wollok-lsp-ide-0.3.6/out/server/src/server.js:2285:6456)\n    at jL (/home/utnso/.vscode/extensions/uqbar.wollok-lsp-ide-0.3.6/out/server/src/server.js:2298:2292)\n    at v3.invoke (/home/utnso/.vscode/extensions/uqbar.wollok-lsp-ide-0.3.6/out/server/src/server.js:3:157200)\n    at o.fire (/home/utnso/.vscode/extensions/uqbar.wollok-lsp-ide-0.3.6/out/server/src/server.js:3:157970)\n    at /home/utnso/.vscode/extensions/uqbar.wollok-lsp-ide-0.3.6/out/server/src/server.js:37:57871\n    at Vr (/home/utnso/.vscode/extensions/uqbar.wollok-lsp-ide-0.3.6/out/server/src/server.js:8:1561)","timestamp":"2024-10-22T21:31:59.145Z"}
{"level":"info","message":"⌛ Validating herenciaVsComposicion/testExample.wtest","timeElapsed":352,"timestamp":"2024-10-22T21:31:59.502Z"}
{"level":"info","message":"⌛ Validating herenciaVsComposicion/testExample.wtest","timeElapsed":213,"timestamp":"2024-10-22T21:31:59.718Z"}
{"level":"info","message":"⌛ Validating herenciaVsComposicion/testExample.wtest","timeElapsed":193,"timestamp":"2024-10-22T21:31:59.912Z"}
{"level":"info","message":"⌛ Building environment","timeElapsed":244,"timestamp":"2024-10-22T21:32:00.324Z"}
{"level":"info","message":"⌛ Building environment","timeElapsed":324,"timestamp":"2024-10-22T21:32:00.756Z"}
{"level":"info","message":"⌛ Validating herenciaVsComposicion/testExample.wtest","timeElapsed":332,"timestamp":"2024-10-22T21:32:01.089Z"}
{"level":"info","message":"⌛ Building environment","timeElapsed":150,"timestamp":"2024-10-22T21:32:01.281Z"}
{"level":"info","message":"onRequest - completionItem/resolve","timestamp":"2024-10-22T21:32:01.287Z"}
{"level":"info","message":"⌛ Building environment","timeElapsed":429,"timestamp":"2024-10-22T21:32:01.721Z"}
{"level":"info","message":"onRequest - completionItem/resolve","timestamp":"2024-10-22T21:32:01.932Z"}
{"level":"info","message":"⌛ Validating herenciaVsComposicion/testExample.wtest","timeElapsed":387,"timestamp":"2024-10-22T21:32:02.342Z"}
{"level":"info","message":"⌛ Building environment","timeElapsed":269,"timestamp":"2024-10-22T21:32:02.638Z"}
{"level":"info","message":"onRequest - completionItem/resolve","timestamp":"2024-10-22T21:32:02.639Z"}
{"level":"info","message":"⌛ Validating herenciaVsComposicion/testExample.wtest","timeElapsed":249,"timestamp":"2024-10-22T21:32:02.915Z"}
{"level":"info","message":"⌛ Validating herenciaVsComposicion/testExample.wtest","timeElapsed":215,"timestamp":"2024-10-22T21:32:03.133Z"}
{"level":"info","message":"⌛ Building environment","timeElapsed":219,"timestamp":"2024-10-22T21:32:03.360Z"}
{"level":"info","message":"onRequest - completionItem/resolve","timestamp":"2024-10-22T21:32:03.363Z"}
{"level":"info","message":"⌛ Building environment","timeElapsed":112,"timestamp":"2024-10-22T21:32:03.479Z"}
{"level":"info","message":"onRequest - completionItem/resolve","timestamp":"2024-10-22T21:32:03.544Z"}
{"level":"info","message":"⌛ Building environment","timeElapsed":353,"timestamp":"2024-10-22T21:32:03.903Z"}
{"level":"info","message":"onRequest - completionItem/resolve","timestamp":"2024-10-22T21:32:03.915Z"}
{"level":"info","message":"⌛ Building environment","timeElapsed":131,"timestamp":"2024-10-22T21:32:04.052Z"}
{"level":"info","message":"onRequest - completionItem/resolve","timestamp":"2024-10-22T21:32:04.054Z"}
{"level":"info","message":"⌛ Building environment","timeElapsed":237,"timestamp":"2024-10-22T21:32:04.311Z"}
{"level":"info","message":"onRequest - completionItem/resolve","timestamp":"2024-10-22T21:32:04.315Z"}
{"level":"info","message":"⌛ Building environment","timeElapsed":127,"timestamp":"2024-10-22T21:32:04.445Z"}
{"level":"info","message":"onRequest - completionItem/resolve","timestamp":"2024-10-22T21:32:04.447Z"}
{"level":"info","message":"⌛ Validating herenciaVsComposicion/testExample.wtest","timeElapsed":271,"timestamp":"2024-10-22T21:32:04.719Z"}
{"level":"info","message":"⌛ Building environment","timeElapsed":166,"timestamp":"2024-10-22T21:32:04.894Z"}
{"level":"info","message":"onRequest - completionItem/resolve","timestamp":"2024-10-22T21:32:04.904Z"}
{"level":"info","message":"⌛ Building environment","timeElapsed":146,"timestamp":"2024-10-22T21:32:05.062Z"}
{"level":"info","message":"onRequest - completionItem/resolve","timestamp":"2024-10-22T21:32:05.067Z"}
{"level":"info","message":"⌛ Validating herenciaVsComposicion/testExample.wtest","timeElapsed":261,"timestamp":"2024-10-22T21:32:05.329Z"}
{"level":"info","message":"⌛ Validating herenciaVsComposicion/testExample.wtest","timeElapsed":324,"timestamp":"2024-10-22T21:32:05.666Z"}
{"level":"info","message":"⌛ Building environment","timeElapsed":416,"timestamp":"2024-10-22T21:32:06.300Z"}
{"level":"info","message":"onRequest - completionItem/resolve","timestamp":"2024-10-22T21:32:06.301Z"}
{"level":"info","message":"⌛ Validating herenciaVsComposicion/testExample.wtest","timeElapsed":159,"timestamp":"2024-10-22T21:32:06.464Z"}
{"level":"info","message":"⌛ Validating herenciaVsComposicion/testExample.wtest","timeElapsed":183,"timestamp":"2024-10-22T21:32:06.648Z"}
{"level":"info","message":"⌛ Building environment","timeElapsed":132,"timestamp":"2024-10-22T21:32:06.811Z"}
{"level":"info","message":"onRequest - completionItem/resolve","timestamp":"2024-10-22T21:32:06.812Z"}
{"level":"info","message":"⌛ Validating herenciaVsComposicion/testExample.wtest","timeElapsed":233,"timestamp":"2024-10-22T21:32:07.047Z"}
{"level":"info","message":"⌛ Validating herenciaVsComposicion/testExample.wtest","timeElapsed":534,"timestamp":"2024-10-22T21:32:07.582Z"}
{"level":"info","message":"⌛ Building environment","timeElapsed":154,"timestamp":"2024-10-22T21:32:07.741Z"}
{"level":"info","message":"onRequest - completionItem/resolve","timestamp":"2024-10-22T21:32:07.742Z"}
{"level":"info","message":"⌛ Building environment","timeElapsed":102,"timestamp":"2024-10-22T21:32:07.855Z"}
{"level":"info","message":"onRequest - completionItem/resolve","timestamp":"2024-10-22T21:32:07.856Z"}
{"level":"info","message":"⌛ Validating herenciaVsComposicion/testExample.wtest","timeElapsed":179,"timestamp":"2024-10-22T21:32:08.037Z"}
{"level":"info","message":"⌛ Validating herenciaVsComposicion/testExample.wtest","timeElapsed":359,"timestamp":"2024-10-22T21:32:08.534Z"}
{"level":"info","message":"⌛ Building environment","timeElapsed":411,"timestamp":"2024-10-22T21:32:08.955Z"}
{"level":"info","message":"onRequest - completionItem/resolve","timestamp":"2024-10-22T21:32:08.962Z"}
{"level":"info","message":"⌛ Building environment","timeElapsed":217,"timestamp":"2024-10-22T21:32:09.200Z"}
{"level":"info","message":"onRequest - completionItem/resolve","timestamp":"2024-10-22T21:32:09.202Z"}
{"level":"info","message":"⌛ Building environment","timeElapsed":226,"timestamp":"2024-10-22T21:32:09.433Z"}
{"level":"info","message":"onRequest - completionItem/resolve","timestamp":"2024-10-22T21:32:09.444Z"}
{"level":"info","message":"⌛ Building environment","timeElapsed":152,"timestamp":"2024-10-22T21:32:09.614Z"}
{"level":"info","message":"onRequest - completionItem/resolve","timestamp":"2024-10-22T21:32:09.617Z"}
{"level":"info","message":"⌛ Building environment","timeElapsed":102,"timestamp":"2024-10-22T21:32:09.722Z"}
{"level":"info","message":"onRequest - completionItem/resolve","timestamp":"2024-10-22T21:32:09.733Z"}
{"level":"info","message":"⌛ Building environment","timeElapsed":202,"timestamp":"2024-10-22T21:32:09.938Z"}
{"level":"info","message":"onRequest - completionItem/resolve","timestamp":"2024-10-22T21:32:09.961Z"}
{"level":"info","message":"⌛ Building environment","timeElapsed":523,"timestamp":"2024-10-22T21:32:10.501Z"}
{"level":"info","message":"onRequest - completionItem/resolve","timestamp":"2024-10-22T21:32:10.503Z"}
{"level":"info","message":"⌛ Building environment","timeElapsed":390,"timestamp":"2024-10-22T21:32:10.926Z"}
{"level":"info","message":"onRequest - completionItem/resolve","timestamp":"2024-10-22T21:32:10.928Z"}
{"level":"info","message":"⌛ Validating herenciaVsComposicion/testExample.wtest","timeElapsed":310,"timestamp":"2024-10-22T21:32:11.243Z"}
{"level":"info","message":"⌛ Validating herenciaVsComposicion/testExample.wtest","timeElapsed":213,"timestamp":"2024-10-22T21:32:11.483Z"}
{"level":"info","message":"⌛ Building environment","timeElapsed":177,"timestamp":"2024-10-22T21:32:11.669Z"}
{"level":"info","message":"onRequest - completionItem/resolve","timestamp":"2024-10-22T21:32:11.672Z"}
{"level":"info","message":"⌛ Building environment","timeElapsed":138,"timestamp":"2024-10-22T21:32:11.860Z"}
{"level":"info","message":"⌛ Validating herenciaVsComposicion/testExample.wtest","timeElapsed":141,"timestamp":"2024-10-22T21:32:12.007Z"}
{"level":"info","message":"⌛ Validating herenciaVsComposicion/testExample.wtest","timeElapsed":172,"timestamp":"2024-10-22T21:32:12.180Z"}
{"level":"info","message":"⌛ Validating herenciaVsComposicion/testExample.wtest","timeElapsed":181,"timestamp":"2024-10-22T21:32:12.364Z"}
{"level":"info","message":"⌛ Validating herenciaVsComposicion/testExample.wtest","timeElapsed":645,"timestamp":"2024-10-22T21:32:13.009Z"}
{"level":"info","message":"⌛ Validating herenciaVsComposicion/testExample.wtest","timeElapsed":261,"timestamp":"2024-10-22T21:32:13.273Z"}
{"level":"info","message":"⌛ Validating herenciaVsComposicion/testExample.wtest","timeElapsed":253,"timestamp":"2024-10-22T21:32:13.529Z"}
{"level":"info","message":"⌛ Validating herenciaVsComposicion/testExample.wtest","timeElapsed":358,"timestamp":"2024-10-22T21:32:13.907Z"}
{"level":"info","message":"⌛ Validating herenciaVsComposicion/testExample.wtest","timeElapsed":167,"timestamp":"2024-10-22T21:32:14.075Z"}
{"level":"info","message":"⌛ Validating herenciaVsComposicion/testExample.wtest","timeElapsed":302,"timestamp":"2024-10-22T21:32:14.379Z"}
{"level":"info","message":"⌛ Validating herenciaVsComposicion/testExample.wtest","timeElapsed":196,"timestamp":"2024-10-22T21:32:14.580Z"}
{"level":"info","message":"⌛ Validating herenciaVsComposicion/testExample.wtest","timeElapsed":188,"timestamp":"2024-10-22T21:32:14.771Z"}
{"level":"info","message":"⌛ Validating herenciaVsComposicion/testExample.wtest","timeElapsed":181,"timestamp":"2024-10-22T21:32:14.954Z"}
{"failures":[{"error":["wollok.lib.AssertionException: Expected <330> but found <440>","  at herenciaVsComposicion.testExample.\"Test prueba\".\"TEST DE PERSONAJES Y ROLES\" [herenciaVsComposicion/testExample.wtest:22]"],"test":"herenciaVsComposicion.testExample.\"Test prueba\".\"TEST DE PERSONAJES Y ROLES\""}],"level":"info","message":"🧪 Test runner executed on /home/utnso/Desktop/paradigmaObjetos2024/clases/clase22-HerenciaVsComposicion","result":{"failed":1,"ok":0},"timeElapsed":1654,"timestamp":"2024-10-22T21:32:34.657Z"}
{"level":"info","message":"⌛ Building environment","timeElapsed":273,"timestamp":"2024-10-22T21:32:58.398Z"}
{"level":"info","message":"⌛ Building environment","timeElapsed":292,"timestamp":"2024-10-22T21:32:58.719Z"}
{"level":"info","message":"⌛ Validating herenciaVsComposicion/testExample.wtest","timeElapsed":276,"timestamp":"2024-10-22T21:32:59.014Z"}
{"level":"info","message":"⌛ Building environment","timeElapsed":153,"timestamp":"2024-10-22T21:32:59.172Z"}
{"level":"info","message":"⌛ Validating herenciaVsComposicion/testExample.wtest","timeElapsed":160,"timestamp":"2024-10-22T21:32:59.334Z"}
{"level":"info","message":"⌛ Validating herenciaVsComposicion/testExample.wtest","timeElapsed":155,"timestamp":"2024-10-22T21:32:59.550Z"}
{"level":"info","message":"⌛ Building environment","timeElapsed":176,"timestamp":"2024-10-22T21:32:59.925Z"}
{"level":"info","message":"⌛ Validating herenciaVsComposicion/testExample.wtest","timeElapsed":152,"timestamp":"2024-10-22T21:33:00.078Z"}
{"failures":[{"error":["wollok.lang.EvaluationError wrapping TypeScript TypeError: Cannot read properties of undefined (reading 'assertIsNumber')","  at herenciaVsComposicion.herenciaVsComposicion.Personaje.potencialOfensivo() [herenciaVsComposicion/herenciaVsComposicion.wlk:6]","  at herenciaVsComposicion.testExample.\"Test prueba\".\"TEST DE PERSONAJES Y ROLES\" [herenciaVsComposicion/testExample.wtest:22]"],"test":"herenciaVsComposicion.testExample.\"Test prueba\".\"TEST DE PERSONAJES Y ROLES\""}],"level":"info","message":"🧪 Test runner executed on /home/utnso/Desktop/paradigmaObjetos2024/clases/clase22-HerenciaVsComposicion","result":{"failed":1,"ok":0},"timeElapsed":1523,"timestamp":"2024-10-22T21:33:12.847Z"}
